<?xml version="1.0" encoding="UTF-8"?>
<!-- Generated by org.testng.reporters.JUnitXMLReporter -->
<testsuite ignored="0" hostname="Lenovo-Suvidh" failures="1" tests="1" name="Test2" time="7.625" errors="0" timestamp="2024-03-22T08:27:58 IST">
  <testcase classname="uk.co.suvidhautomation.OrderCompleteTest" name="endToEndtest" time="0.0">
    <failure type="org.openqa.selenium.remote.NoSuchDriverException" message="chromedriver at location C:\Users\suvid\eclipse-workspace\liveproject1src\main\java\drivers\chromedriver.exe, does not exist
For documentation on this error, please visit: https://www.selenium.dev/documentation/webdriver/troubleshooting/errors/driver_location/
Build info: version: &amp;apos;4.18.1&amp;apos;, revision: &amp;apos;b1d3319b48&amp;apos;
System info: os.name: &amp;apos;Windows 11&amp;apos;, os.arch: &amp;apos;amd64&amp;apos;, os.version: &amp;apos;10.0&amp;apos;, java.version: &amp;apos;21.0.2&amp;apos;
Driver info: driver.version: ChromeDriver">
      <![CDATA[org.openqa.selenium.remote.NoSuchDriverException: chromedriver at location C:\Users\suvid\eclipse-workspace\liveproject1src\main\java\drivers\chromedriver.exe, does not exist
For documentation on this error, please visit: https://www.selenium.dev/documentation/webdriver/troubleshooting/errors/driver_location/
Build info: version: '4.18.1', revision: 'b1d3319b48'
System info: os.name: 'Windows 11', os.arch: 'amd64', os.version: '10.0', java.version: '21.0.2'
Driver info: driver.version: ChromeDriver
at org.openqa.selenium.remote.service.DriverFinder.getPath(DriverFinder.java:76)
at org.openqa.selenium.remote.service.DriverFinder.getPath(DriverFinder.java:33)
at org.openqa.selenium.chrome.ChromeDriver.generateExecutor(ChromeDriver.java:99)
at org.openqa.selenium.chrome.ChromeDriver.<init>(ChromeDriver.java:89)
at org.openqa.selenium.chrome.ChromeDriver.<init>(ChromeDriver.java:84)
at org.openqa.selenium.chrome.ChromeDriver.<init>(ChromeDriver.java:52)
at base.WebDriverInstance.createDriver(WebDriverInstance.java:39)
at base.WebDriverInstance.getDriver(WebDriverInstance.java:19)
at base.baseClass.getDriver(baseClass.java:37)
at pageObject.ShopHomepage.getProdOne(ShopHomepage.java:30)
at uk.co.suvidhautomation.OrderCompleteTest.endToEndtest(OrderCompleteTest.java:42)
at java.base/java.util.ArrayList.forEach(ArrayList.java:1596)
... Removed 25 stack frames]]>
    </failure>
  </testcase> <!-- endToEndtest -->
</testsuite> <!-- Test2 -->
